<?xml version="1.0" encoding="UTF-8"?>
<!-- Generated by org.testng.reporters.JUnitReportReporter -->
<testsuite hostname="LAPTOP-ITK0D5T3" failures="0" tests="1" name="KsrtcProject.Login_booking" time="36.306" errors="0" timestamp="2022-01-23T19:49:10 IST" skipped="0">
  <testcase classname="KsrtcProject.Login_booking" name="ksrtc" time="36.306"/>
  <system-out/>
</testsuite> <!-- KsrtcProject.Login_booking -->
